<?xml version="1.0" encoding="UTF-8"?>
<!-- Generated by org.testng.reporters.JUnitReportReporter -->
<testsuite hostname="MacBook-Pro-alkhas-b-OO.local" failures="0" tests="1" name="testing.UndoRemove" time="6.224" errors="0" timestamp="25 Apr 2020 14:50:00 GMT" skipped="0">
  <testcase classname="testing.UndoRemove" name="TestUndoRemove" time="6.224"/>
</testsuite> <!-- testing.UndoRemove -->
